navigation/home-navigation/build/intermediates/manifest_merge_blame_file/debug/manifest-merger-blame-debug-report.txt
1<?xml version="1.0" encoding="utf-8"?>
2<manifest xmlns:android="http://schemas.android.com/apk/res/android"
3    package="com.karthyks.dice.navigation.home" >
4
5    <uses-sdk android:minSdkVersion="21" />
5-->ProcessLibraryManifest/debug/tempAndroidManifest3547286009205765137.xml
6
7</manifest>